#
# A fatal error has been detected by the Java Runtime Environment:
#
#  EXCEPTION_ACCESS_VIOLATION (0xc0000005) at pc=0x00007ffeb27df551, pid=14112, tid=18224
#
# JRE version: OpenJDK Runtime Environment (16.0+36) (build 16+36-2231)
# Java VM: OpenJDK 64-Bit Server VM (16+36-2231, mixed mode, sharing, tiered, compressed oops, g1 gc, windows-amd64)
# Problematic frame:
# C  [ucrtbased.dll+0xbf551]
#
# No core dump will be written. Minidumps are not enabled by default on client versions of Windows
#
# If you would like to submit a bug report, please visit:
#   https://bugreport.java.com/bugreport/crash.jsp
# The crash happened outside the Java Virtual Machine in native code.
# See problematic frame for where to report the bug.
#

---------------  S U M M A R Y ------------

Command Line: -Dclassworlds.conf=C:\Users\SUPERTROOPER\Desktop\apache-maven-3.6.3\bin\..\bin\m2.conf -Dmaven.home=C:\Users\SUPERTROOPER\Desktop\apache-maven-3.6.3\bin\.. -Dlibrary.jansi.path=C:\Users\SUPERTROOPER\Desktop\apache-maven-3.6.3\bin\..\lib\jansi-native -Dmaven.multiModuleProjectDirectory=C:\Users\SUPERTROOPER\IdeaProjects\CircusServer org.codehaus.plexus.classworlds.launcher.Launcher exec:java

Host: Intel(R) Core(TM) i7-8700K CPU @ 3.70GHz, 12 cores, 15G,  Windows 10 , 64 bit Build 19041 (10.0.19041.804)
Time: Wed Mar 31 18:49:41 2021 Pacific Daylight Time elapsed time: 2.773048 seconds (0d 0h 0m 2s)

---------------  T H R E A D  ---------------

Current thread (0x000002ade3c57950):  JavaThread "circus.Main.main()" [_thread_in_native, id=18224, stack(0x000000f3b3900000,0x000000f3b3a00000)]

Stack: [0x000000f3b3900000,0x000000f3b3a00000],  sp=0x000000f3b39fe458,  free space=1017k
Native frames: (J=compiled Java code, j=interpreted, Vv=VM code, C=native code)
C  [ucrtbased.dll+0xbf551]

Java frames: (J=compiled Java code, j=interpreted, Vv=VM code)
j  circus.CFunctions.injectMouseMovement(II)V+0
j  circus.CFunctions.test()V+13
j  circus.Main.main([Ljava/lang/String;)V+22
v  ~StubRoutines::call_stub
j  jdk.internal.reflect.NativeMethodAccessorImpl.invoke0(Ljava/lang/reflect/Method;Ljava/lang/Object;[Ljava/lang/Object;)Ljava/lang/Object;+0 java.base@16
j  jdk.internal.reflect.NativeMethodAccessorImpl.invoke(Ljava/lang/Object;[Ljava/lang/Object;)Ljava/lang/Object;+146 java.base@16
J 2354 c1 jdk.internal.reflect.DelegatingMethodAccessorImpl.invoke(Ljava/lang/Object;[Ljava/lang/Object;)Ljava/lang/Object; java.base@16 (10 bytes) @ 0x000002adc59c194c [0x000002adc59c1840+0x000000000000010c]
j  java.lang.reflect.Method.invoke(Ljava/lang/Object;[Ljava/lang/Object;)Ljava/lang/Object;+59 java.base@16
j  org.codehaus.mojo.exec.ExecJavaMojo$1.run()V+93
j  java.lang.Thread.run()V+11 java.base@16
v  ~StubRoutines::call_stub

siginfo: EXCEPTION_ACCESS_VIOLATION (0xc0000005), reading address 0x0000000000000000


Register to memory mapping:

RIP=0x00007ffeb27df551 ucrtbased.dll
RAX=0x0 is NULL
RBX={method} {0x000002ade5016630} 'injectMouseMovement' '(II)V' in 'circus/CFunctions'
RCX=0x0 is NULL
RDX=0x0 is NULL
RSP=0x000000f3b39fe458 is pointing into the stack for thread: 0x000002ade3c57950
RBP=0x000000f3b39fe480 is pointing into the stack for thread: 0x000002ade3c57950
RSI=0x0 is NULL
RDI=0x000000f3b39fe548 is pointing into the stack for thread: 0x000002ade3c57950
R8 =0x7efefefefefefeff is an unknown value
R9 =0x000000f3b39fe7d0 is pointing into the stack for thread: 0x000002ade3c57950
R10=0x0 is NULL
R11=0x8101010101010100 is an unknown value
R12=0x0 is NULL
R13={method} {0x000002ade5016630} 'injectMouseMovement' '(II)V' in 'circus/CFunctions'
R14=0x000000f3b39fe9c8 is pointing into the stack for thread: 0x000002ade3c57950
R15=0x000002ade3c57950 is a thread


Registers:
RAX=0x0000000000000000, RBX=0x000002ade5016628, RCX=0x0000000000000000, RDX=0x0000000000000000
RSP=0x000000f3b39fe458, RBP=0x000000f3b39fe480, RSI=0x0000000000000000, RDI=0x000000f3b39fe548
R8 =0x7efefefefefefeff, R9 =0x000000f3b39fe7d0, R10=0x0000000000000000, R11=0x8101010101010100
R12=0x0000000000000000, R13=0x000002ade5016628, R14=0x000000f3b39fe9c8, R15=0x000002ade3c57950
RIP=0x00007ffeb27df551, EFLAGS=0x0000000000010246

Top of Stack: (sp=0x000000f3b39fe458)
0x000000f3b39fe458:   00007ffec40f23c2 00007ffec4103026
0x000000f3b39fe468:   cccccccccccccccc cccccccccccccccc
0x000000f3b39fe478:   cccccccccccccccc cccccccccccccccc
0x000000f3b39fe488:   cccccccccccccccc cccccccccccccccc
0x000000f3b39fe498:   cccccccccccccccc cccccccccccccccc
0x000000f3b39fe4a8:   cccccccccccccccc cccccccccccccccc
0x000000f3b39fe4b8:   cccccccccccccccc cccccccccccccccc
0x000000f3b39fe4c8:   cccccccccccccccc cccccccccccccccc
0x000000f3b39fe4d8:   cccccccccccccccc cccccccccccccccc
0x000000f3b39fe4e8:   cccccccccccccccc cccccccccccccccc
0x000000f3b39fe4f8:   cccccccccccccccc cccccccccccccccc
0x000000f3b39fe508:   cccccccccccccccc cccccccccccccccc
0x000000f3b39fe518:   cccccccccccccccc cccccccccccccccc
0x000000f3b39fe528:   cccccccccccccccc cccccccccccccccc
0x000000f3b39fe538:   cccccccccccccccc cccccccccccccccc
0x000000f3b39fe548:   000000f3b39fe788 000000f3b39fe580 

Instructions: (pc=0x00007ffeb27df551)
0x00007ffeb27df451:   89 8c 24 90 00 00 00 48 8d 4c 24 68 e8 56 24 f4
0x00007ffeb27df461:   ff 48 8b 8c 24 88 00 00 00 8b 49 14 89 4c 24 38
0x00007ffeb27df471:   c7 44 24 30 ff ff ff ff 48 8b 8c 24 b8 00 00 00
0x00007ffeb27df481:   48 89 4c 24 28 c7 44 24 20 ff ff ff ff 4c 8b 8c
0x00007ffeb27df491:   24 b0 00 00 00 41 b8 01 10 00 00 48 8b 94 24 90
0x00007ffeb27df4a1:   00 00 00 48 8b 8c 24 98 00 00 00 48 8b 94 11 28
0x00007ffeb27df4b1:   01 00 00 48 8b c8 e8 c4 b1 f9 ff 89 44 24 50 83
0x00007ffeb27df4c1:   7c 24 50 00 75 23 e8 84 b0 fa ff c7 00 16 00 00
0x00007ffeb27df4d1:   00 c7 44 24 60 ff ff ff 7f 48 8d 4c 24 68 e8 bc
0x00007ffeb27df4e1:   23 f4 ff 8b 44 24 60 eb 19 8b 44 24 50 83 e8 02
0x00007ffeb27df4f1:   89 44 24 64 48 8d 4c 24 68 e8 a1 23 f4 ff 8b 44
0x00007ffeb27df501:   24 64 48 81 c4 a8 00 00 00 c3 cc cc cc cc cc cc
0x00007ffeb27df511:   cc cc cc cc cc 66 66 0f 1f 84 00 00 00 00 00 48
0x00007ffeb27df521:   8b c1 48 f7 d9 48 a9 07 00 00 00 74 0f 66 90 8a
0x00007ffeb27df531:   10 48 ff c0 84 d2 74 5f a8 07 75 f3 49 b8 ff fe
0x00007ffeb27df541:   fe fe fe fe fe 7e 49 bb 00 01 01 01 01 01 01 81
0x00007ffeb27df551:   48 8b 10 4d 8b c8 48 83 c0 08 4c 03 ca 48 f7 d2
0x00007ffeb27df561:   49 33 d1 49 23 d3 74 e8 48 8b 50 f8 84 d2 74 51
0x00007ffeb27df571:   84 f6 74 47 48 c1 ea 10 84 d2 74 39 84 f6 74 2f
0x00007ffeb27df581:   48 c1 ea 10 84 d2 74 21 84 f6 74 17 c1 ea 10 84
0x00007ffeb27df591:   d2 74 0a 84 f6 75 b9 48 8d 44 08 ff c3 48 8d 44
0x00007ffeb27df5a1:   08 fe c3 48 8d 44 08 fd c3 48 8d 44 08 fc c3 48
0x00007ffeb27df5b1:   8d 44 08 fb c3 48 8d 44 08 fa c3 48 8d 44 08 f9
0x00007ffeb27df5c1:   c3 48 8d 44 08 f8 c3 cc cc cc cc cc cc cc cc 4c
0x00007ffeb27df5d1:   89 44 24 18 48 89 54 24 10 48 89 4c 24 08 48 81
0x00007ffeb27df5e1:   ec e8 00 00 00 48 83 bc 24 f0 00 00 00 00 74 0a
0x00007ffeb27df5f1:   c7 44 24 68 01 00 00 00 eb 08 c7 44 24 68 00 00
0x00007ffeb27df601:   00 00 8b 44 24 68 89 44 24 6c 83 7c 24 6c 00 75
0x00007ffeb27df611:   3a 48 8d 05 2f 27 0d 00 48 89 44 24 28 48 8d 05
0x00007ffeb27df621:   0b 26 0d 00 48 89 44 24 20 45 33 c9 41 b8 76 00
0x00007ffeb27df631:   00 00 48 8d 15 d6 e2 0b 00 b9 02 00 00 00 e8 1c
0x00007ffeb27df641:   91 fa ff 83 f8 01 75 03 cc 33 c0 83 7c 24 6c 00 


Stack slot to memory mapping:
stack at sp + 0 slots: 0x00007ffec40f23c2 ScreenLockBoner.dll
stack at sp + 1 slots: 0x00007ffec4103026 ScreenLockBoner.dll
stack at sp + 2 slots: 0xcccccccccccccccc is an unknown value
stack at sp + 3 slots: 0xcccccccccccccccc is an unknown value
stack at sp + 4 slots: 0xcccccccccccccccc is an unknown value
stack at sp + 5 slots: 0xcccccccccccccccc is an unknown value
stack at sp + 6 slots: 0xcccccccccccccccc is an unknown value
stack at sp + 7 slots: 0xcccccccccccccccc is an unknown value


---------------  P R O C E S S  ---------------

Threads class SMR info:
_java_thread_list=0x000002ade3c89cc0, length=15, elements={
0x000002adbd81a920, 0x000002ade08d7340, 0x000002ade08d8200, 0x000002ade08ea6b0,
0x000002ade08ee0d0, 0x000002ade08eead0, 0x000002ade08efce0, 0x000002ade08f3fc0,
0x000002ade08f8ad0, 0x000002ade08fd950, 0x000002ade152d1c0, 0x000002ade152f610,
0x000002ade1dc6c50, 0x000002ade2fb5860, 0x000002ade3c57950
}

Java Threads: ( => current thread )
  0x000002adbd81a920 JavaThread "main" [_thread_blocked, id=7672, stack(0x000000f3b1900000,0x000000f3b1a00000)]
  0x000002ade08d7340 JavaThread "Reference Handler" daemon [_thread_blocked, id=2140, stack(0x000000f3b2000000,0x000000f3b2100000)]
  0x000002ade08d8200 JavaThread "Finalizer" daemon [_thread_blocked, id=7344, stack(0x000000f3b2100000,0x000000f3b2200000)]
  0x000002ade08ea6b0 JavaThread "Signal Dispatcher" daemon [_thread_blocked, id=8852, stack(0x000000f3b2200000,0x000000f3b2300000)]
  0x000002ade08ee0d0 JavaThread "Attach Listener" daemon [_thread_blocked, id=7444, stack(0x000000f3b2300000,0x000000f3b2400000)]
  0x000002ade08eead0 JavaThread "Service Thread" daemon [_thread_blocked, id=14776, stack(0x000000f3b2400000,0x000000f3b2500000)]
  0x000002ade08efce0 JavaThread "Monitor Deflation Thread" daemon [_thread_blocked, id=11432, stack(0x000000f3b2500000,0x000000f3b2600000)]
  0x000002ade08f3fc0 JavaThread "C2 CompilerThread0" daemon [_thread_blocked, id=2920, stack(0x000000f3b2600000,0x000000f3b2700000)]
  0x000002ade08f8ad0 JavaThread "C1 CompilerThread0" daemon [_thread_blocked, id=18932, stack(0x000000f3b2700000,0x000000f3b2800000)]
  0x000002ade08fd950 JavaThread "Sweeper thread" daemon [_thread_blocked, id=7796, stack(0x000000f3b2800000,0x000000f3b2900000)]
  0x000002ade152d1c0 JavaThread "Notification Thread" daemon [_thread_blocked, id=4568, stack(0x000000f3b2900000,0x000000f3b2a00000)]
  0x000002ade152f610 JavaThread "Common-Cleaner" daemon [_thread_blocked, id=19092, stack(0x000000f3b2b00000,0x000000f3b2c00000)]
  0x000002ade1dc6c50 JavaThread "C2 CompilerThread1" daemon [_thread_blocked, id=15668, stack(0x000000f3b2c00000,0x000000f3b2d00000)]
  0x000002ade2fb5860 JavaThread "C2 CompilerThread2" daemon [_thread_blocked, id=13892, stack(0x000000f3b2d00000,0x000000f3b2e00000)]
=>0x000002ade3c57950 JavaThread "circus.Main.main()" [_thread_in_native, id=18224, stack(0x000000f3b3900000,0x000000f3b3a00000)]

Other Threads:
  0x000002ade08d06e0 VMThread "VM Thread" [stack: 0x000000f3b1f00000,0x000000f3b2000000] [id=14184]
  0x000002ade152e6f0 WatcherThread [stack: 0x000000f3b2a00000,0x000000f3b2b00000] [id=10840]
  0x000002adbd86d470 GCTaskThread "GC Thread#0" [stack: 0x000000f3b1a00000,0x000000f3b1b00000] [id=21276]
  0x000002ade1548910 GCTaskThread "GC Thread#1" [stack: 0x000000f3b2e00000,0x000000f3b2f00000] [id=20760]
  0x000002ade1e37310 GCTaskThread "GC Thread#2" [stack: 0x000000f3b2f00000,0x000000f3b3000000] [id=18092]
  0x000002ade1c9d050 GCTaskThread "GC Thread#3" [stack: 0x000000f3b3000000,0x000000f3b3100000] [id=13192]
  0x000002ade1ff9560 GCTaskThread "GC Thread#4" [stack: 0x000000f3b3100000,0x000000f3b3200000] [id=9908]
  0x000002ade1ff9870 GCTaskThread "GC Thread#5" [stack: 0x000000f3b3200000,0x000000f3b3300000] [id=19384]
  0x000002ade1e25f30 GCTaskThread "GC Thread#6" [stack: 0x000000f3b3300000,0x000000f3b3400000] [id=9636]
  0x000002ade1eb1890 GCTaskThread "GC Thread#7" [stack: 0x000000f3b3400000,0x000000f3b3500000] [id=12420]
  0x000002ade222b790 GCTaskThread "GC Thread#8" [stack: 0x000000f3b3500000,0x000000f3b3600000] [id=14128]
  0x000002ade3e69c90 GCTaskThread "GC Thread#9" [stack: 0x000000f3b3600000,0x000000f3b3700000] [id=12356]
  0x000002adbd87f3c0 ConcurrentGCThread "G1 Main Marker" [stack: 0x000000f3b1b00000,0x000000f3b1c00000] [id=15140]
  0x000002adbd8805d0 ConcurrentGCThread "G1 Conc#0" [stack: 0x000000f3b1c00000,0x000000f3b1d00000] [id=17244]
  0x000002ade236aae0 ConcurrentGCThread "G1 Conc#1" [stack: 0x000000f3b3700000,0x000000f3b3800000] [id=16520]
  0x000002ade3d91020 ConcurrentGCThread "G1 Conc#2" [stack: 0x000000f3b3800000,0x000000f3b3900000] [id=12900]
  0x000002adbd8fda10 ConcurrentGCThread "G1 Refine#0" [stack: 0x000000f3b1d00000,0x000000f3b1e00000] [id=11336]
  0x000002adbd8fe490 ConcurrentGCThread "G1 Service" [stack: 0x000000f3b1e00000,0x000000f3b1f00000] [id=14136]

Threads with active compile tasks:

VM state: not at safepoint (normal execution)

VM Mutex/Monitor currently owned by a thread: None

Heap address: 0x0000000701000000, size: 4080 MB, Compressed Oops mode: Zero based, Oop shift amount: 3
CDS archive(s) mapped at: [0x0000000800000000-0x0000000800bb0000-0x0000000800bb0000), size 12255232, SharedBaseAddress: 0x0000000800000000, ArchiveRelocationMode: 0.
Compressed class space mapped at: 0x0000000800c00000-0x0000000840c00000, reserved size: 1073741824
Narrow klass base: 0x0000000800000000, Narrow klass shift: 3, Narrow klass range: 0x100000000

GC Precious Log:
 CPUs: 12 total, 12 available
 Memory: 16318M
 Large Page Support: Disabled
 NUMA Support: Disabled
 Compressed Oops: Enabled (Zero based)
 Heap Region Size: 2M
 Heap Min Capacity: 8M
 Heap Initial Capacity: 256M
 Heap Max Capacity: 4080M
 Pre-touch: Disabled
 Parallel Workers: 10
 Concurrent Workers: 3
 Concurrent Refinement Workers: 10
 Periodic GC: Disabled

Heap:
 garbage-first heap   total 49152K, used 31551K [0x0000000701000000, 0x0000000800000000)
  region size 2048K, 15 young (30720K), 4 survivors (8192K)
 Metaspace       used 22121K, committed 22400K, reserved 1073152K
  class space    used 2508K, committed 2624K, reserved 1048576K

Heap Regions: E=young(eden), S=young(survivor), O=old, HS=humongous(starts), HC=humongous(continues), CS=collection set, F=free, OA=open archive, CA=closed archive, TAMS=top-at-mark-start (previous, next)
|   0|0x0000000701000000, 0x0000000701200000, 0x0000000701200000|100%| O|  |TAMS 0x0000000701200000, 0x0000000701000000| Untracked 
|   1|0x0000000701200000, 0x000000070134bc00, 0x0000000701400000| 64%| O|  |TAMS 0x000000070134bc00, 0x0000000701200000| Untracked 
|   2|0x0000000701400000, 0x0000000701400000, 0x0000000701600000|  0%| F|  |TAMS 0x0000000701400000, 0x0000000701400000| Untracked 
|   3|0x0000000701600000, 0x0000000701600000, 0x0000000701800000|  0%| F|  |TAMS 0x0000000701600000, 0x0000000701600000| Untracked 
|   4|0x0000000701800000, 0x0000000701800000, 0x0000000701a00000|  0%| F|  |TAMS 0x0000000701800000, 0x0000000701800000| Untracked 
|   5|0x0000000701a00000, 0x0000000701a00000, 0x0000000701c00000|  0%| F|  |TAMS 0x0000000701a00000, 0x0000000701a00000| Untracked 
|   6|0x0000000701c00000, 0x0000000701c00000, 0x0000000701e00000|  0%| F|  |TAMS 0x0000000701c00000, 0x0000000701c00000| Untracked 
|   7|0x0000000701e00000, 0x0000000701e00000, 0x0000000702000000|  0%| F|  |TAMS 0x0000000701e00000, 0x0000000701e00000| Untracked 
|   8|0x0000000702000000, 0x0000000702000000, 0x0000000702200000|  0%| F|  |TAMS 0x0000000702000000, 0x0000000702000000| Untracked 
|   9|0x0000000702200000, 0x0000000702400000, 0x0000000702400000|100%| E|  |TAMS 0x0000000702200000, 0x0000000702200000| Complete 
|  10|0x0000000702400000, 0x0000000702600000, 0x0000000702600000|100%| E|CS|TAMS 0x0000000702400000, 0x0000000702400000| Complete 
|  11|0x0000000702600000, 0x0000000702800000, 0x0000000702800000|100%| E|CS|TAMS 0x0000000702600000, 0x0000000702600000| Complete 
|  12|0x0000000702800000, 0x0000000702a00000, 0x0000000702a00000|100%| E|CS|TAMS 0x0000000702800000, 0x0000000702800000| Complete 
|  13|0x0000000702a00000, 0x0000000702c00000, 0x0000000702c00000|100%| E|CS|TAMS 0x0000000702a00000, 0x0000000702a00000| Complete 
|  14|0x0000000702c00000, 0x0000000702e00000, 0x0000000702e00000|100%| E|CS|TAMS 0x0000000702c00000, 0x0000000702c00000| Complete 
|  15|0x0000000702e00000, 0x0000000703000000, 0x0000000703000000|100%| E|CS|TAMS 0x0000000702e00000, 0x0000000702e00000| Complete 
|  16|0x0000000703000000, 0x0000000703200000, 0x0000000703200000|100%| E|CS|TAMS 0x0000000703000000, 0x0000000703000000| Complete 
|  17|0x0000000703200000, 0x0000000703400000, 0x0000000703400000|100%| E|CS|TAMS 0x0000000703200000, 0x0000000703200000| Complete 
|  18|0x0000000703400000, 0x0000000703600000, 0x0000000703600000|100%| E|CS|TAMS 0x0000000703400000, 0x0000000703400000| Complete 
|  91|0x000000070c600000, 0x000000070c784340, 0x000000070c800000| 75%| S|CS|TAMS 0x000000070c600000, 0x000000070c600000| Complete 
|  92|0x000000070c800000, 0x000000070ca00000, 0x000000070ca00000|100%| S|CS|TAMS 0x000000070c800000, 0x000000070c800000| Complete 
|  93|0x000000070ca00000, 0x000000070cc00000, 0x000000070cc00000|100%| S|CS|TAMS 0x000000070ca00000, 0x000000070ca00000| Complete 
|  94|0x000000070cc00000, 0x000000070ce00000, 0x000000070ce00000|100%| S|CS|TAMS 0x000000070cc00000, 0x000000070cc00000| Complete 
| 127|0x0000000710e00000, 0x0000000711000000, 0x0000000711000000|100%| E|CS|TAMS 0x0000000710e00000, 0x0000000710e00000| Complete 

Card table byte_map: [0x000002add4ce0000,0x000002add54e0000] _byte_map_base: 0x000002add14d8000

Marking Bits (Prev, Next): (CMBitMap*) 0x000002adbd86db20, (CMBitMap*) 0x000002adbd86dae0
 Prev Bits: [0x000002add9ca0000, 0x000002adddc60000)
 Next Bits: [0x000002add5ce0000, 0x000002add9ca0000)

Polling page: 0x000002adbb7a0000

Metaspace:

Usage:
  Non-class:     19.15 MB used.
      Class:      2.45 MB used.
       Both:     21.60 MB used.

Virtual space:
  Non-class space:       24.00 MB reserved,      19.31 MB ( 80%) committed,  3 nodes.
      Class space:        1.00 GB reserved,       2.56 MB ( <1%) committed,  1 nodes.
              Both:        1.02 GB reserved,      21.88 MB (  2%) committed. 

Chunk freelists:
   Non-Class:  3.91 MB
       Class:  1.45 MB
        Both:  5.36 MB

MaxMetaspaceSize: 17179869184.00 GB
CompressedClassSpaceSize: 1.00 GB
 - commit_granule_bytes: 65536.
 - commit_granule_words: 8192.
 - virtual_space_node_default_size: 1048576.
 - enlarge_chunks_in_place: 1.
 - new_chunks_are_fully_committed: 0.
 - uncommit_free_chunks: 1.
 - use_allocation_guard: 0.
 - handle_deallocations: 1.


Internal statistics:

num_allocs_failed_limit: 3.
num_arena_births: 110.
num_arena_deaths: 0.
num_vsnodes_births: 4.
num_vsnodes_deaths: 0.
num_space_committed: 350.
num_space_uncommitted: 0.
num_chunks_returned_to_freelist: 3.
num_chunks_taken_from_freelist: 706.
num_chunk_merges: 0.
num_chunk_splits: 495.
num_chunks_enlarged: 390.
num_purges: 0.

CodeHeap 'non-profiled nmethods': size=120000Kb used=2029Kb max_used=2029Kb free=117970Kb
 bounds [0x000002adcca60000, 0x000002adcccd0000, 0x000002add3f90000]
CodeHeap 'profiled nmethods': size=120000Kb used=7529Kb max_used=7529Kb free=112470Kb
 bounds [0x000002adc5530000, 0x000002adc5c90000, 0x000002adcca60000]
CodeHeap 'non-nmethods': size=5760Kb used=1300Kb max_used=1348Kb free=4459Kb
 bounds [0x000002adc4f90000, 0x000002adc5200000, 0x000002adc5530000]
 total_blobs=4421 nmethods=3807 adapters=526
 compilation: enabled
              stopped_count=0, restarted_count=0
 full_count=0

Compilation events (20 events):
Event: 2.201 Thread 0x000002ade08f8ad0 3798       3       java.util.jar.JarFile::getEntry (35 bytes)
Event: 2.202 Thread 0x000002ade08f8ad0 nmethod 3798 0x000002adc5c84590 code [0x000002adc5c84780, 0x000002adc5c84c18]
Event: 2.202 Thread 0x000002ade1dc6c50 nmethod 3794 0x000002adccc53990 code [0x000002adccc53b60, 0x000002adccc542d8]
Event: 2.211 Thread 0x000002ade08f8ad0 3799   !   3       jdk.internal.loader.URLClassPath$JarLoader::checkResource (78 bytes)
Event: 2.211 Thread 0x000002ade08f8ad0 nmethod 3799 0x000002adc5c84d90 code [0x000002adc5c84fe0, 0x000002adc5c85a48]
Event: 2.219 Thread 0x000002ade08f8ad0 3800   !   3       java.io.PrintStream::write (83 bytes)
Event: 2.220 Thread 0x000002ade08f8ad0 nmethod 3800 0x000002adc5c85f10 code [0x000002adc5c861c0, 0x000002adc5c86e78]
Event: 2.220 Thread 0x000002ade08f8ad0 3801       3       java.io.OutputStreamWriter::flushBuffer (8 bytes)
Event: 2.220 Thread 0x000002ade08f8ad0 nmethod 3801 0x000002adc5c87510 code [0x000002adc5c876c0, 0x000002adc5c87808]
Event: 2.221 Thread 0x000002ade2fb5860 3802       4       java.io.OutputStream::flush (1 bytes)
Event: 2.221 Thread 0x000002ade2fb5860 nmethod 3802 0x000002adccc54790 code [0x000002adccc54900, 0x000002adccc54978]
Event: 2.225 Thread 0x000002ade08f8ad0 3804       3       java.lang.ProcessEnvironment$NameComparator::compare (90 bytes)
Event: 2.225 Thread 0x000002ade2fb5860 3807       4       java.lang.ClassLoader::getClassLoadingLock (35 bytes)
Event: 2.226 Thread 0x000002ade08f8ad0 nmethod 3804 0x000002adc5c87910 code [0x000002adc5c87c20, 0x000002adc5c88f38]
Event: 2.226 Thread 0x000002ade08f8ad0 3803       3       java.lang.ProcessEnvironment$NameComparator::compare (13 bytes)
Event: 2.226 Thread 0x000002ade08f8ad0 nmethod 3803 0x000002adc5c89810 code [0x000002adc5c899c0, 0x000002adc5c89d08]
Event: 2.226 Thread 0x000002ade08f8ad0 3806       3       java.io.FileInputStream$1::close (11 bytes)
Event: 2.226 Thread 0x000002ade08f8ad0 nmethod 3806 0x000002adc5c89e10 code [0x000002adc5c8a000, 0x000002adc5c8a518]
Event: 2.226 Thread 0x000002ade2fb5860 nmethod 3807 0x000002adccc54e90 code [0x000002adccc55020, 0x000002adccc55168]
Event: 2.236 Thread 0x000002ade08f3fc0 nmethod 3785 0x000002adccc55290 code [0x000002adccc556a0, 0x000002adccc59748]

GC Heap History (6 events):
Event: 0.343 GC heap before
{Heap before GC invocations=0 (full 0):
 garbage-first heap   total 262144K, used 22528K [0x0000000701000000, 0x0000000800000000)
  region size 2048K, 11 young (22528K), 0 survivors (0K)
 Metaspace       used 4883K, committed 5056K, reserved 1056768K
  class space    used 551K, committed 640K, reserved 1048576K
}
Event: 0.345 GC heap after
{Heap after GC invocations=1 (full 0):
 garbage-first heap   total 262144K, used 3557K [0x0000000701000000, 0x0000000800000000)
  region size 2048K, 2 young (4096K), 2 survivors (4096K)
 Metaspace       used 4883K, committed 5056K, reserved 1056768K
  class space    used 551K, committed 640K, reserved 1048576K
}
Event: 0.684 GC heap before
{Heap before GC invocations=1 (full 0):
 garbage-first heap   total 262144K, used 34277K [0x0000000701000000, 0x0000000800000000)
  region size 2048K, 17 young (34816K), 2 survivors (4096K)
 Metaspace       used 9510K, committed 9664K, reserved 1064960K
  class space    used 1142K, committed 1216K, reserved 1048576K
}
Event: 0.687 GC heap after
{Heap after GC invocations=2 (full 0):
 garbage-first heap   total 262144K, used 5345K [0x0000000701000000, 0x0000000800000000)
  region size 2048K, 1 young (2048K), 1 survivors (2048K)
 Metaspace       used 9510K, committed 9664K, reserved 1064960K
  class space    used 1142K, committed 1216K, reserved 1048576K
}
Event: 2.026 GC heap before
{Heap before GC invocations=2 (full 0):
 garbage-first heap   total 262144K, used 68833K [0x0000000701000000, 0x0000000800000000)
  region size 2048K, 33 young (67584K), 1 survivors (2048K)
 Metaspace       used 21008K, committed 21248K, reserved 1073152K
  class space    used 2410K, committed 2560K, reserved 1048576K
}
Event: 2.030 GC heap after
{Heap after GC invocations=3 (full 0):
 garbage-first heap   total 262144K, used 11071K [0x0000000701000000, 0x0000000800000000)
  region size 2048K, 4 young (8192K), 4 survivors (8192K)
 Metaspace       used 21008K, committed 21248K, reserved 1073152K
  class space    used 2410K, committed 2560K, reserved 1048576K
}

Deoptimization events (20 events):
Event: 2.181 Thread 0x000002adbd81a920 Uncommon trap: trap_request=0xffffffde fr.pc=0x000002adccb0ddc4 relative=0x0000000000000084
Event: 2.181 Thread 0x000002adbd81a920 Uncommon trap: reason=class_check action=maybe_recompile pc=0x000002adccb0ddc4 method=com.google.inject.internal.MoreTypes.getRawType(Ljava/lang/reflect/Type;)Ljava/lang/Class; @ 13 c2
Event: 2.181 Thread 0x000002adbd81a920 DEOPT PACKING pc=0x000002adccb0ddc4 sp=0x000000f3b19fd890
Event: 2.181 Thread 0x000002adbd81a920 DEOPT UNPACKING pc=0x000002adc4fdd72e sp=0x000000f3b19fd820 mode 2
Event: 2.187 Thread 0x000002ade3c57950 Uncommon trap: trap_request=0xffffffde fr.pc=0x000002adcca9328c relative=0x000000000000120c
Event: 2.187 Thread 0x000002ade3c57950 Uncommon trap: reason=class_check action=maybe_recompile pc=0x000002adcca9328c method=jdk.internal.loader.URLClassPath.getLoader(I)Ljdk/internal/loader/URLClassPath$Loader; @ 88 c2
Event: 2.187 Thread 0x000002ade3c57950 DEOPT PACKING pc=0x000002adcca9328c sp=0x000000f3b39fef70
Event: 2.188 Thread 0x000002ade3c57950 DEOPT UNPACKING pc=0x000002adc4fdd72e sp=0x000000f3b39fef60 mode 2
Event: 2.189 Thread 0x000002ade3c57950 Uncommon trap: trap_request=0x000001ae fr.pc=0x000002adcca97820 relative=0x00000000000009c0
Event: 2.189 Thread 0x000002ade3c57950 Uncommon trap: reason=unloaded action=reinterpret pc=0x000002adcca97820 method=java.util.jar.JarFile.checkForSpecialAttributes()V @ 99 c2
Event: 2.189 Thread 0x000002ade3c57950 DEOPT PACKING pc=0x000002adcca97820 sp=0x000000f3b39fdcf0
Event: 2.189 Thread 0x000002ade3c57950 DEOPT UNPACKING pc=0x000002adc4fdd72e sp=0x000000f3b39fdbe0 mode 2
Event: 2.189 Thread 0x000002ade3c57950 Uncommon trap: trap_request=0xffffff45 fr.pc=0x000002adcca99c90 relative=0x0000000000000a90
Event: 2.189 Thread 0x000002ade3c57950 Uncommon trap: reason=unstable_if action=reinterpret pc=0x000002adcca99c90 method=java.util.jar.JarFile.isMultiRelease()Z @ 4 c2
Event: 2.189 Thread 0x000002ade3c57950 DEOPT PACKING pc=0x000002adcca99c90 sp=0x000000f3b39fe1b0
Event: 2.189 Thread 0x000002ade3c57950 DEOPT UNPACKING pc=0x000002adc4fdd72e sp=0x000000f3b39fe058 mode 2
Event: 2.190 Thread 0x000002ade3c57950 Uncommon trap: trap_request=0xffffff45 fr.pc=0x000002adccba3244 relative=0x0000000000000b24
Event: 2.190 Thread 0x000002ade3c57950 Uncommon trap: reason=unstable_if action=reinterpret pc=0x000002adccba3244 method=java.io.BufferedReader.readLine(Z[Z)Ljava/lang/String; @ 168 c2
Event: 2.190 Thread 0x000002ade3c57950 DEOPT PACKING pc=0x000002adccba3244 sp=0x000000f3b39fdc10
Event: 2.190 Thread 0x000002ade3c57950 DEOPT UNPACKING pc=0x000002adc4fdd72e sp=0x000000f3b39fdba8 mode 2

Classes unloaded (0 events):
No events

Classes redefined (0 events):
No events

Internal exceptions (20 events):
Event: 0.204 Thread 0x000002adbd81a920 Exception <a 'java/lang/NoSuchMethodError'{0x00000007107ea4c8}: 'void java.lang.invoke.DirectMethodHandle$Holder.invokeSpecial(java.lang.Object, java.lang.Object, java.lang.Object)'> (0x00000007107ea4c8) 
thrown [t:\workspace\open\src\hotspot\share\interpreter\linkResolver.cpp, line 790]
Event: 0.280 Thread 0x000002adbd81a920 Exception <a 'java/lang/NoSuchMethodError'{0x0000000710137d80}: 'java.lang.Object java.lang.invoke.DirectMethodHandle$Holder.newInvokeSpecial(java.lang.Object, java.lang.Object, java.lang.Object, java.lang.Object, java.lang.Object)'> (0x0000000710137d80) 
thrown [t:\workspace\open\src\hotspot\share\interpreter\linkResolver.cpp, line 790]
Event: 0.713 Thread 0x000002adbd81a920 Exception <a 'java/lang/NoClassDefFoundError'{0x0000000710fd2da0}: com/google/inject/servlet/ServletModuleTargetVisitor> (0x0000000710fd2da0) 
thrown [t:\workspace\open\src\hotspot\share\classfile\systemDictionary.cpp, line 245]
Event: 0.713 Thread 0x000002adbd81a920 Exception <a 'java/lang/NoClassDefFoundError'{0x0000000710fd4bd0}: javax/annotation/Priority> (0x0000000710fd4bd0) 
thrown [t:\workspace\open\src\hotspot\share\classfile\systemDictionary.cpp, line 245]
Event: 0.745 Thread 0x000002adbd81a920 Exception <a 'java/lang/NoSuchMethodError'{0x0000000710d27f70}: 'java.lang.Object java.lang.invoke.DirectMethodHandle$Holder.invokeStatic(java.lang.Object)'> (0x0000000710d27f70) 
thrown [t:\workspace\open\src\hotspot\share\interpreter\linkResolver.cpp, line 790]
Event: 0.746 Thread 0x000002adbd81a920 Exception <a 'java/lang/NoSuchMethodError'{0x0000000710d33078}: 'java.lang.Object java.lang.invoke.DirectMethodHandle$Holder.invokeStaticInit(java.lang.Object, int, int, int, int)'> (0x0000000710d33078) 
thrown [t:\workspace\open\src\hotspot\share\interpreter\linkResolver.cpp, line 790]
Event: 0.945 Thread 0x000002adbd81a920 Implicit null exception at 0x000002adccae79e0 to 0x000002adccae7a7a
Event: 0.945 Thread 0x000002adbd81a920 Implicit null exception at 0x000002adccaf8fef to 0x000002adccaf91c0
Event: 1.101 Thread 0x000002adbd81a920 Exception <a 'sun/nio/fs/WindowsException'{0x000000070f3a7ec0}> (0x000000070f3a7ec0) 
thrown [t:\workspace\open\src\hotspot\share\prims\jni.cpp, line 579]
Event: 1.108 Thread 0x000002adbd81a920 Exception <a 'java/lang/NoSuchMethodError'{0x000000070f3cf948}: 'int java.lang.invoke.DirectMethodHandle$Holder.invokeStaticInit(java.lang.Object, java.lang.Object, java.lang.Object, java.lang.Object)'> (0x000000070f3cf948) 
thrown [t:\workspace\open\src\hotspot\share\interpreter\linkResolver.cpp, line 790]
Event: 1.109 Thread 0x000002adbd81a920 Exception <a 'java/lang/NoSuchMethodError'{0x000000070f3d9d20}: 'java.lang.Object java.lang.invoke.DirectMethodHandle$Holder.invokeInterface(java.lang.Object, java.lang.Object)'> (0x000000070f3d9d20) 
thrown [t:\workspace\open\src\hotspot\share\interpreter\linkResolver.cpp, line 790]
Event: 1.109 Thread 0x000002adbd81a920 Exception <a 'java/lang/IncompatibleClassChangeError'{0x000000070f3ddc68}: Found class java.lang.Object, but interface was expected> (0x000000070f3ddc68) 
thrown [t:\workspace\open\src\hotspot\share\interpreter\linkResolver.cpp, line 857]
Event: 1.109 Thread 0x000002adbd81a920 Exception <a 'java/lang/NoSuchMethodError'{0x000000070f3e1198}: 'void java.lang.invoke.DirectMethodHandle$Holder.invokeStatic(java.lang.Object, java.lang.Object)'> (0x000000070f3e1198) 
thrown [t:\workspace\open\src\hotspot\share\interpreter\linkResolver.cpp, line 790]
Event: 1.109 Thread 0x000002adbd81a920 Exception <a 'java/lang/NoSuchMethodError'{0x000000070f3e5208}: 'void java.lang.invoke.DirectMethodHandle$Holder.invokeStaticInit(java.lang.Object, java.lang.Object)'> (0x000000070f3e5208) 
thrown [t:\workspace\open\src\hotspot\share\interpreter\linkResolver.cpp, line 790]
Event: 1.110 Thread 0x000002adbd81a920 Exception <a 'java/lang/NoSuchMethodError'{0x000000070f3ebd28}: 'int java.lang.invoke.DirectMethodHandle$Holder.invokeStaticInit(java.lang.Object, java.lang.Object)'> (0x000000070f3ebd28) 
thrown [t:\workspace\open\src\hotspot\share\interpreter\linkResolver.cpp, line 790]
Event: 1.200 Thread 0x000002adbd81a920 Exception <a 'java/lang/NoSuchMethodError'{0x000000070ebe6710}: 'java.lang.Object java.lang.invoke.DirectMethodHandle$Holder.invokeStaticInit(java.lang.Object, java.lang.Object, int, int, int, int)'> (0x000000070ebe6710) 
thrown [t:\workspace\open\src\hotspot\share\interpreter\linkResolver.cpp, line 790]
Event: 1.303 Thread 0x000002adbd81a920 Exception <a 'java/lang/NoSuchMethodError'{0x000000070e3af430}: 'java.lang.Object java.lang.invoke.DirectMethodHandle$Holder.invokeStaticInit(java.lang.Object)'> (0x000000070e3af430) 
thrown [t:\workspace\open\src\hotspot\share\interpreter\linkResolver.cpp, line 790]
Event: 1.397 Thread 0x000002adbd81a920 Exception <a 'java/lang/NoSuchMethodError'{0x000000070e1eba10}: 'void java.lang.invoke.DirectMethodHandle$Holder.invokeStatic(java.lang.Object, java.lang.Object, java.lang.Object)'> (0x000000070e1eba10) 
thrown [t:\workspace\open\src\hotspot\share\interpreter\linkResolver.cpp, line 790]
Event: 1.943 Thread 0x000002adbd81a920 Implicit null exception at 0x000002adccad24ef to 0x000002adccad26cc
Event: 2.215 Thread 0x000002ade3c57950 Exception <a 'java/lang/NoClassDefFoundError'{0x00000007022febe8}: org/slf4j/impl/StaticLoggerBinder> (0x00000007022febe8) 
thrown [t:\workspace\open\src\hotspot\share\classfile\systemDictionary.cpp, line 245]

Events (20 events):
Event: 2.157 loading class org/w3c/dom/Document done
Event: 2.157 loading class org/w3c/dom/Element
Event: 2.157 loading class org/w3c/dom/Element done
Event: 2.157 loading class java/lang/IllegalThreadStateException
Event: 2.157 loading class java/lang/IllegalThreadStateException done
Event: 2.162 loading class java/beans/IntrospectionException
Event: 2.162 loading class java/beans/IntrospectionException done
Event: 2.178 Executing  VM operation: HandshakeAllThreads
Event: 2.178 Executing  VM operation: HandshakeAllThreads done
Event: 2.181 loading class jdk/internal/reflect/UnsafeBooleanFieldAccessorImpl
Event: 2.181 loading class jdk/internal/reflect/UnsafeBooleanFieldAccessorImpl done
Event: 2.181 loading class jdk/internal/reflect/UnsafeLongFieldAccessorImpl
Event: 2.181 loading class jdk/internal/reflect/UnsafeLongFieldAccessorImpl done
Event: 2.187 Thread 0x000002ade3c57950 Thread added: 0x000002ade3c57950
Event: 2.188 loading class java/awt/AWTException
Event: 2.188 loading class java/awt/AWTException done
Event: 2.209 Loaded shared library C:\Users\SUPERTROOPER\Downloads\opencv\build\java\x64\opencv_java451.dll
Event: 2.211 loading class java/awt/image/RenderedImage
Event: 2.211 loading class java/awt/image/RenderedImage done
Event: 2.240 Loaded shared library C:\Users\SUPERTROOPER\source\repos\ScreenLockBoner\x64\Debug\ScreenLockBoner.dll


Dynamic libraries:
0x00007ff6d4360000 - 0x00007ff6d436e000 	C:\Users\SUPERTROOPER\Desktop\jdk-16\bin\java.exe
0x00007ffeeacd0000 - 0x00007ffeeaec5000 	C:\WINDOWS\SYSTEM32\ntdll.dll
0x00007ffeea6c0000 - 0x00007ffeea77d000 	C:\WINDOWS\System32\KERNEL32.DLL
0x00007ffee8880000 - 0x00007ffee8b48000 	C:\WINDOWS\System32\KERNELBASE.dll
0x00007ffee8670000 - 0x00007ffee8770000 	C:\WINDOWS\System32\ucrtbase.dll
0x00007ffed8970000 - 0x00007ffed8988000 	C:\Users\SUPERTROOPER\Desktop\jdk-16\bin\jli.dll
0x00007ffed0230000 - 0x00007ffed0249000 	C:\Users\SUPERTROOPER\Desktop\jdk-16\bin\VCRUNTIME140.dll
0x00007ffee9280000 - 0x00007ffee9420000 	C:\WINDOWS\System32\USER32.dll
0x00007ffee0190000 - 0x00007ffee042a000 	C:\WINDOWS\WinSxS\amd64_microsoft.windows.common-controls_6595b64144ccf1df_6.0.19041.844_none_ca00b6081b84eb1d\COMCTL32.dll
0x00007ffee8d00000 - 0x00007ffee8d22000 	C:\WINDOWS\System32\win32u.dll
0x00007ffee9420000 - 0x00007ffee944a000 	C:\WINDOWS\System32\GDI32.dll
0x00007ffee9590000 - 0x00007ffee962e000 	C:\WINDOWS\System32\msvcrt.dll
0x00007ffee8770000 - 0x00007ffee887b000 	C:\WINDOWS\System32\gdi32full.dll
0x00007ffee8410000 - 0x00007ffee84ad000 	C:\WINDOWS\System32\msvcp_win.dll
0x00007ffeea780000 - 0x00007ffeea7b0000 	C:\WINDOWS\System32\IMM32.DLL
0x00007ffed8b00000 - 0x00007ffed8b0c000 	C:\Users\SUPERTROOPER\Desktop\jdk-16\bin\vcruntime140_1.dll
0x00007ffeb3000000 - 0x00007ffeb3091000 	C:\Users\SUPERTROOPER\Desktop\jdk-16\bin\msvcp140.dll
0x00007ffe6c820000 - 0x00007ffe6d3cb000 	C:\Users\SUPERTROOPER\Desktop\jdk-16\bin\server\jvm.dll
0x00007ffee8d50000 - 0x00007ffee8dfc000 	C:\WINDOWS\System32\ADVAPI32.dll
0x00007ffee90b0000 - 0x00007ffee914b000 	C:\WINDOWS\System32\sechost.dll
0x00007ffee9150000 - 0x00007ffee927b000 	C:\WINDOWS\System32\RPCRT4.dll
0x00007ffee9450000 - 0x00007ffee9458000 	C:\WINDOWS\System32\PSAPI.DLL
0x00007ffedcd00000 - 0x00007ffedcd09000 	C:\WINDOWS\SYSTEM32\WSOCK32.dll
0x00007ffed7b10000 - 0x00007ffed7b37000 	C:\WINDOWS\SYSTEM32\WINMM.dll
0x00007ffee2ad0000 - 0x00007ffee2ada000 	C:\WINDOWS\SYSTEM32\VERSION.dll
0x00007ffee9460000 - 0x00007ffee94cb000 	C:\WINDOWS\System32\WS2_32.dll
0x00007ffee6370000 - 0x00007ffee6382000 	C:\WINDOWS\SYSTEM32\kernel.appcore.dll
0x00007ffed8a00000 - 0x00007ffed8a0a000 	C:\Users\SUPERTROOPER\Desktop\jdk-16\bin\jimage.dll
0x00007ffedeaa0000 - 0x00007ffedec84000 	C:\WINDOWS\SYSTEM32\DBGHELP.DLL
0x00007ffedc210000 - 0x00007ffedc23c000 	C:\WINDOWS\SYSTEM32\dbgcore.DLL
0x00007ffee84b0000 - 0x00007ffee8530000 	C:\WINDOWS\System32\bcryptPrimitives.dll
0x00007ffec4640000 - 0x00007ffec4665000 	C:\Users\SUPERTROOPER\Desktop\jdk-16\bin\java.dll
0x00007ffee9700000 - 0x00007ffee9e42000 	C:\WINDOWS\System32\SHELL32.dll
0x00007ffee6570000 - 0x00007ffee6d01000 	C:\WINDOWS\SYSTEM32\windows.storage.dll
0x00007ffee9f80000 - 0x00007ffeea2d5000 	C:\WINDOWS\System32\combase.dll
0x00007ffee7db0000 - 0x00007ffee7ddc000 	C:\WINDOWS\SYSTEM32\Wldp.dll
0x00007ffee94d0000 - 0x00007ffee957e000 	C:\WINDOWS\System32\SHCORE.dll
0x00007ffee9050000 - 0x00007ffee90a5000 	C:\WINDOWS\System32\shlwapi.dll
0x00007ffee8350000 - 0x00007ffee836f000 	C:\WINDOWS\SYSTEM32\profapi.dll
0x00007ffed0000000 - 0x00007ffed0019000 	C:\Users\SUPERTROOPER\Desktop\jdk-16\bin\net.dll
0x00007ffee22f0000 - 0x00007ffee23fb000 	C:\WINDOWS\SYSTEM32\WINHTTP.dll
0x00007ffee7b20000 - 0x00007ffee7b8a000 	C:\WINDOWS\system32\mswsock.dll
0x00007ffec9a60000 - 0x00007ffec9a73000 	C:\Users\SUPERTROOPER\Desktop\jdk-16\bin\nio.dll
0x00007ffec7ae0000 - 0x00007ffec7af8000 	C:\Users\SUPERTROOPER\Desktop\jdk-16\bin\zip.dll
0x00007ffed89b0000 - 0x00007ffed89c0000 	C:\Users\SUPERTROOPER\Desktop\jdk-16\bin\verify.dll
0x00007ffed8960000 - 0x00007ffed896a000 	C:\Users\SUPERTROOPER\Desktop\apache-maven-3.6.3\lib\jansi-native\windows64\jansi.dll
0x00007ffed0220000 - 0x00007ffed022e000 	C:\Users\SUPERTROOPER\Desktop\jdk-16\bin\sunmscapi.dll
0x00007ffee8ba0000 - 0x00007ffee8cff000 	C:\WINDOWS\System32\CRYPT32.dll
0x00007ffee7e20000 - 0x00007ffee7e47000 	C:\WINDOWS\SYSTEM32\ncrypt.dll
0x00007ffee7de0000 - 0x00007ffee7e1b000 	C:\WINDOWS\SYSTEM32\NTASN1.dll
0x00007ffee7d00000 - 0x00007ffee7d18000 	C:\WINDOWS\SYSTEM32\CRYPTSP.dll
0x00007ffee74c0000 - 0x00007ffee74f4000 	C:\WINDOWS\system32\rsaenh.dll
0x00007ffee8640000 - 0x00007ffee8667000 	C:\WINDOWS\System32\bcrypt.dll
0x00007ffee82d0000 - 0x00007ffee82fe000 	C:\WINDOWS\SYSTEM32\USERENV.dll
0x00007ffee7cf0000 - 0x00007ffee7cfc000 	C:\WINDOWS\SYSTEM32\CRYPTBASE.dll
0x00007ffee7810000 - 0x00007ffee784b000 	C:\WINDOWS\SYSTEM32\IPHLPAPI.DLL
0x00007ffeeac20000 - 0x00007ffeeac28000 	C:\WINDOWS\System32\NSI.dll
0x00007ffee2c40000 - 0x00007ffee2c57000 	C:\WINDOWS\SYSTEM32\dhcpcsvc6.DLL
0x00007ffee2c20000 - 0x00007ffee2c3d000 	C:\WINDOWS\SYSTEM32\dhcpcsvc.DLL
0x00007ffee7850000 - 0x00007ffee791c000 	C:\WINDOWS\SYSTEM32\DNSAPI.dll
0x00007ffee1d70000 - 0x00007ffee1d7a000 	C:\Windows\System32\rasadhlp.dll
0x00007ffee1980000 - 0x00007ffee19ff000 	C:\WINDOWS\System32\fwpuclnt.dll
0x00007ffe697d0000 - 0x00007ffe6c816000 	C:\Users\SUPERTROOPER\Downloads\opencv\build\java\x64\opencv_java451.dll
0x00007ffee9e50000 - 0x00007ffee9f7a000 	C:\WINDOWS\System32\ole32.dll
0x00007ffee9630000 - 0x00007ffee96fd000 	C:\WINDOWS\System32\OLEAUT32.dll
0x00007ffecf080000 - 0x00007ffecf18a000 	C:\WINDOWS\SYSTEM32\MFReadWrite.dll
0x00007ffebfa80000 - 0x00007ffebfc3c000 	C:\WINDOWS\SYSTEM32\MFPlat.DLL
0x00007ffece3b0000 - 0x00007ffece434000 	C:\WINDOWS\SYSTEM32\MF.dll
0x00007ffee8b50000 - 0x00007ffee8b9e000 	C:\WINDOWS\System32\cfgmgr32.dll
0x00007ffea0e20000 - 0x00007ffea12ae000 	C:\WINDOWS\SYSTEM32\MFCORE.DLL
0x00007ffee8280000 - 0x00007ffee82cb000 	C:\WINDOWS\SYSTEM32\powrprof.dll
0x00007ffecb130000 - 0x00007ffecb139000 	C:\WINDOWS\SYSTEM32\ksuser.dll
0x00007ffebf880000 - 0x00007ffebf8b0000 	C:\WINDOWS\SYSTEM32\RTWorkQ.DLL
0x00007ffee8260000 - 0x00007ffee8272000 	C:\WINDOWS\SYSTEM32\UMPDC.dll
0x00007ffec40e0000 - 0x00007ffec4107000 	C:\Users\SUPERTROOPER\source\repos\ScreenLockBoner\x64\Debug\ScreenLockBoner.dll
0x00007ffed01c0000 - 0x00007ffed01cf000 	C:\WINDOWS\SYSTEM32\VCRUNTIME140_1D.dll
0x00007ffeb2f10000 - 0x00007ffeb2ff2000 	C:\WINDOWS\SYSTEM32\MSVCP140D.dll
0x00007ffec3700000 - 0x00007ffec372b000 	C:\WINDOWS\SYSTEM32\VCRUNTIME140D.dll
0x00007ffeb2720000 - 0x00007ffeb28e7000 	C:\WINDOWS\SYSTEM32\ucrtbased.dll

dbghelp: loaded successfully - version: 4.0.5 - missing functions: none
symbol engine: initialized successfully - sym options: 0x614 - pdb path: .;C:\Users\SUPERTROOPER\Desktop\jdk-16\bin;C:\WINDOWS\SYSTEM32;C:\WINDOWS\WinSxS\amd64_microsoft.windows.common-controls_6595b64144ccf1df_6.0.19041.844_none_ca00b6081b84eb1d;C:\Users\SUPERTROOPER\Desktop\jdk-16\bin\server;C:\Users\SUPERTROOPER\Desktop\apache-maven-3.6.3\lib\jansi-native\windows64;C:\Users\SUPERTROOPER\Downloads\opencv\build\java\x64;C:\Users\SUPERTROOPER\source\repos\ScreenLockBoner\x64\Debug

VM Arguments:
jvm_args: -Dclassworlds.conf=C:\Users\SUPERTROOPER\Desktop\apache-maven-3.6.3\bin\..\bin\m2.conf -Dmaven.home=C:\Users\SUPERTROOPER\Desktop\apache-maven-3.6.3\bin\.. -Dlibrary.jansi.path=C:\Users\SUPERTROOPER\Desktop\apache-maven-3.6.3\bin\..\lib\jansi-native -Dmaven.multiModuleProjectDirectory=C:\Users\SUPERTROOPER\IdeaProjects\CircusServer 
java_command: org.codehaus.plexus.classworlds.launcher.Launcher exec:java
java_class_path (initial): C:\Users\SUPERTROOPER\Desktop\apache-maven-3.6.3\bin\..\boot\plexus-classworlds-2.6.0.jar
Launcher Type: SUN_STANDARD

[Global flags]
     intx CICompilerCount                          = 4                                         {product} {ergonomic}
     uint ConcGCThreads                            = 3                                         {product} {ergonomic}
     uint G1ConcRefinementThreads                  = 10                                        {product} {ergonomic}
   size_t G1HeapRegionSize                         = 2097152                                   {product} {ergonomic}
    uintx GCDrainStackTargetSize                   = 64                                        {product} {ergonomic}
   size_t InitialHeapSize                          = 268435456                                 {product} {ergonomic}
   size_t MarkStackSize                            = 4194304                                   {product} {ergonomic}
   size_t MaxHeapSize                              = 4278190080                                {product} {ergonomic}
   size_t MaxNewSize                               = 2566914048                                {product} {ergonomic}
   size_t MinHeapDeltaBytes                        = 2097152                                   {product} {ergonomic}
   size_t MinHeapSize                              = 8388608                                   {product} {ergonomic}
    uintx NonNMethodCodeHeapSize                   = 5839372                                {pd product} {ergonomic}
    uintx NonProfiledCodeHeapSize                  = 122909434                              {pd product} {ergonomic}
    uintx ProfiledCodeHeapSize                     = 122909434                              {pd product} {ergonomic}
    uintx ReservedCodeCacheSize                    = 251658240                              {pd product} {ergonomic}
     bool SegmentedCodeCache                       = true                                      {product} {ergonomic}
   size_t SoftMaxHeapSize                          = 4278190080                             {manageable} {ergonomic}
     bool UseCompressedClassPointers               = true                           {product lp64_product} {ergonomic}
     bool UseCompressedOops                        = true                           {product lp64_product} {ergonomic}
     bool UseG1GC                                  = true                                      {product} {ergonomic}
     bool UseLargePagesIndividualAllocation        = false                                  {pd product} {ergonomic}

Logging:
Log output configuration:
 #0: stdout all=warning uptime,level,tags
 #1: stderr all=off uptime,level,tags

Environment Variables:
JAVA_HOME=C:\Users\SUPERTROOPER\Desktop\jdk-16
PATH=C:\Program Files (x86)\Common Files\Oracle\Java\javapath;C:\WINDOWS\system32;C:\WINDOWS;C:\WINDOWS\System32\Wbem;C:\WINDOWS\System32\WindowsPowerShell\v1.0\;C:\WINDOWS\System32\OpenSSH\;C:\Program Files\dotnet\;C:\Program Files\nodejs\;C:\Program Files\Git\cmd;C:\Users\SUPERTROOPER\AppData\Local\Microsoft\WindowsApps;C:\Users\SUPERTROOPER\.dotnet\tools;C:\Users\SUPERTROOPER\AppData\Roaming\npm;C:\Users\SUPERTROOPER\AppData\Local\Programs\Microsoft VS Code\bin;C:\Program Files\JetBrains\IntelliJ IDEA Community Edition 2020.3.3\bin;;C:\Users\SUPERTROOPER\Desktop\apache-maven-3.6.3\bin;C:\Program Files\Tesseract-OCR;C:\Users\SUPERTROOPER\Desktop\jdk-16\bin;C:\Users\SUPERTROOPER\source\repos\ScreenLockBoner\x64\Debug;C:\Users\SUPERTROOPER\Downloads\opencv\build\java\x64;
USERNAME=SUPERTROOPER
OS=Windows_NT
PROCESSOR_IDENTIFIER=Intel64 Family 6 Model 158 Stepping 10, GenuineIntel



---------------  S Y S T E M  ---------------

OS:
 Windows 10 , 64 bit Build 19041 (10.0.19041.804)
OS uptime: 0 days 4:29 hours

CPU: total 12 (initial active 12) (6 cores per cpu, 2 threads per core) family 6 model 158 stepping 10 microcode 0xb4, cx8, cmov, fxsr, ht, mmx, 3dnowpref, sse, sse2, sse3, ssse3, sse4.1, sse4.2, popcnt, lzcnt, tsc, tscinvbit, avx, avx2, aes, erms, clmul, bmi1, bmi2, rtm, adx, fma, vzeroupper, clflush, clflushopt

Memory: 4k page, system-wide physical 16318M (5881M free)
TotalPageFile size 23519M (AvailPageFile size 4052M)
current process WorkingSet (physical memory assigned to process): 132M, peak: 171M
current process commit charge ("private bytes"): 189M, peak: 406M

vm_info: OpenJDK 64-Bit Server VM (16+36-2231) for windows-amd64 JRE (16+36-2231), built on Feb  8 2021 11:39:36 by "mach5one" with MS VC++ 16.7 (VS2019)

END.
